gh.preprocessperlens.focusing.biktarvy.alicia-1.lens-selector-mvp2_HIV 200 1726596654
gh.preprocessperlens.focusing.biktarvy.Cecilia-1.lens-selector-mvp2_HIV 200 1726596657
gh.preprocessperlens.focusing.biktarvy.Pedro-1.lens-selector-mvp2_HIV 200 1726596659
gh.preprocessperlens.focusing.biktarvy.alicia-1.lens-selector-mvp2_allergy 200 1726596660
gh.preprocessperlens.focusing.biktarvy.Cecilia-1.lens-selector-mvp2_allergy 200 1726596662
gh.preprocessperlens.focusing.biktarvy.Pedro-1.lens-selector-mvp2_allergy 200 1726596663
gh.preprocessperlens.focusing.biktarvy.alicia-1.lens-selector-mvp2_diabetes 200 1726596665
gh.preprocessperlens.focusing.biktarvy.Cecilia-1.lens-selector-mvp2_diabetes 200 1726596666
gh.preprocessperlens.focusing.biktarvy.Pedro-1.lens-selector-mvp2_diabetes 200 1726596667
gh.preprocessperlens.focusing.biktarvy.alicia-1.lens-selector-mvp2_interaction 200 1726596668
gh.preprocessperlens.focusing.biktarvy.Cecilia-1.lens-selector-mvp2_interaction 200 1726596669
gh.preprocessperlens.focusing.biktarvy.Pedro-1.lens-selector-mvp2_interaction 200 1726596670
gh.preprocessperlens.focusing.biktarvy.alicia-1.lens-selector-mvp2_HIV 0 1726596838
gh.preprocessperlens.focusing.biktarvy.Cecilia-1.lens-selector-mvp2_HIV 0 1726596840
gh.preprocessperlens.focusing.biktarvy.Pedro-1.lens-selector-mvp2_HIV 0 1726596841
gh.preprocessperlens.focusing.biktarvy.alicia-1.lens-selector-mvp2_allergy 0 1726596842
gh.preprocessperlens.focusing.biktarvy.Cecilia-1.lens-selector-mvp2_allergy 0 1726596843
gh.preprocessperlens.focusing.biktarvy.Pedro-1.lens-selector-mvp2_allergy 0 1726596844
gh.preprocessperlens.focusing.biktarvy.alicia-1.lens-selector-mvp2_diabetes 0 1726596846
gh.preprocessperlens.focusing.biktarvy.Cecilia-1.lens-selector-mvp2_diabetes 0 1726596847
gh.preprocessperlens.focusing.biktarvy.Pedro-1.lens-selector-mvp2_diabetes 0 1726596848
gh.preprocessperlens.focusing.biktarvy.alicia-1.lens-selector-mvp2_interaction 0 1726596849
gh.preprocessperlens.focusing.biktarvy.Cecilia-1.lens-selector-mvp2_interaction 0 1726596850
gh.preprocessperlens.focusing.biktarvy.Pedro-1.lens-selector-mvp2_interaction 0 1726596852
gh.preprocessperlens.focusing.biktarvy.alicia-1.lens-selector-mvp2_intolerance 0 1726596853
gh.preprocessperlens.focusing.biktarvy.Cecilia-1.lens-selector-mvp2_intolerance 0 1726596854
gh.preprocessperlens.focusing.biktarvy.Pedro-1.lens-selector-mvp2_intolerance 0 1726596855
gh.preprocessperlens.focusing.biktarvy.alicia-1.lens-selector-mvp2_pregnancy 0 1726596856
gh.preprocessperlens.focusing.biktarvy.Cecilia-1.lens-selector-mvp2_pregnancy 0 1726596857
gh.preprocessperlens.focusing.biktarvy.Pedro-1.lens-selector-mvp2_pregnancy 0 1726596858
gh.preprocessperlens.focusing.calcio.alicia-1.lens-selector-mvp2_HIV 1 1726596859
gh.preprocessperlens.focusing.calcio.Cecilia-1.lens-selector-mvp2_HIV 1 1726596860
gh.preprocessperlens.focusing.calcio.Pedro-1.lens-selector-mvp2_HIV 1 1726596862
gh.preprocessperlens.focusing.calcio.alicia-1.lens-selector-mvp2_allergy 1 1726596863
gh.preprocessperlens.focusing.calcio.Cecilia-1.lens-selector-mvp2_allergy 1 1726596864
gh.preprocessperlens.focusing.calcio.Pedro-1.lens-selector-mvp2_allergy 1 1726596865
gh.preprocessperlens.focusing.calcio.alicia-1.lens-selector-mvp2_diabetes 1 1726596867
gh.preprocessperlens.focusing.calcio.Cecilia-1.lens-selector-mvp2_diabetes 1 1726596868
gh.preprocessperlens.focusing.calcio.Pedro-1.lens-selector-mvp2_diabetes 1 1726596869
gh.preprocessperlens.focusing.calcio.alicia-1.lens-selector-mvp2_interaction 1 1726596870
gh.preprocessperlens.focusing.calcio.Cecilia-1.lens-selector-mvp2_interaction 1 1726596871
gh.preprocessperlens.focusing.calcio.Pedro-1.lens-selector-mvp2_interaction 1 1726596873
gh.preprocessperlens.focusing.calcio.alicia-1.lens-selector-mvp2_intolerance 1 1726596875
gh.preprocessperlens.focusing.calcio.Cecilia-1.lens-selector-mvp2_intolerance 1 1726596877
gh.preprocessperlens.focusing.calcio.Pedro-1.lens-selector-mvp2_intolerance 1 1726596878
gh.preprocessperlens.focusing.calcio.alicia-1.lens-selector-mvp2_pregnancy 1 1726596880
gh.preprocessperlens.focusing.calcio.Cecilia-1.lens-selector-mvp2_pregnancy 1 1726596881
gh.preprocessperlens.focusing.calcio.Pedro-1.lens-selector-mvp2_pregnancy 1 1726596883
gh.preprocessperlens.focusing.tegretol.alicia-1.lens-selector-mvp2_HIV 1 1726596884
gh.preprocessperlens.focusing.tegretol.Cecilia-1.lens-selector-mvp2_HIV 1 1726596886
gh.preprocessperlens.focusing.tegretol.Pedro-1.lens-selector-mvp2_HIV 1 1726596888
gh.preprocessperlens.focusing.tegretol.alicia-1.lens-selector-mvp2_allergy 1 1726596889
gh.preprocessperlens.focusing.tegretol.Cecilia-1.lens-selector-mvp2_allergy 1 1726596891
gh.preprocessperlens.focusing.tegretol.Pedro-1.lens-selector-mvp2_allergy 1 1726596892
gh.preprocessperlens.focusing.tegretol.alicia-1.lens-selector-mvp2_diabetes 1 1726596894
gh.preprocessperlens.focusing.tegretol.Cecilia-1.lens-selector-mvp2_diabetes 1 1726596896
gh.preprocessperlens.focusing.tegretol.Pedro-1.lens-selector-mvp2_diabetes 1 1726596897
gh.preprocessperlens.focusing.tegretol.alicia-1.lens-selector-mvp2_interaction 1 1726596899
gh.preprocessperlens.focusing.tegretol.Cecilia-1.lens-selector-mvp2_interaction 1 1726596902
gh.preprocessperlens.focusing.tegretol.Pedro-1.lens-selector-mvp2_interaction 1 1726596904
gh.preprocessperlens.focusing.biktarvy.alicia-1.lens-selector-mvp2_HIV 0 1726597121
gh.preprocessperlens.focusing.biktarvy.Cecilia-1.lens-selector-mvp2_HIV 0 1726597123
gh.preprocessperlens.focusing.biktarvy.Pedro-1.lens-selector-mvp2_HIV 0 1726597125
gh.preprocessperlens.focusing.biktarvy.alicia-1.lens-selector-mvp2_allergy 0 1726597127
gh.preprocessperlens.focusing.biktarvy.Cecilia-1.lens-selector-mvp2_allergy 0 1726597128
gh.preprocessperlens.focusing.biktarvy.Pedro-1.lens-selector-mvp2_allergy 0 1726597130
gh.preprocessperlens.focusing.biktarvy.alicia-1.lens-selector-mvp2_diabetes 0 1726597131
gh.preprocessperlens.focusing.biktarvy.Cecilia-1.lens-selector-mvp2_diabetes 0 1726597133
gh.preprocessperlens.focusing.biktarvy.Pedro-1.lens-selector-mvp2_diabetes 0 1726597134
gh.preprocessperlens.focusing.biktarvy.alicia-1.lens-selector-mvp2_interaction 0 1726597136
gh.preprocessperlens.focusing.biktarvy.Cecilia-1.lens-selector-mvp2_interaction 0 1726597137
gh.preprocessperlens.focusing.biktarvy.Pedro-1.lens-selector-mvp2_interaction 0 1726597139
gh.preprocessperlens.focusing.biktarvy.alicia-1.lens-selector-mvp2_intolerance 0 1726597140
gh.preprocessperlens.focusing.biktarvy.Cecilia-1.lens-selector-mvp2_intolerance 0 1726597142
gh.preprocessperlens.focusing.biktarvy.Pedro-1.lens-selector-mvp2_intolerance 0 1726597144
gh.preprocessperlens.focusing.biktarvy.alicia-1.lens-selector-mvp2_pregnancy 0 1726597146
gh.preprocessperlens.focusing.biktarvy.Cecilia-1.lens-selector-mvp2_pregnancy 0 1726597148
gh.preprocessperlens.focusing.biktarvy.Pedro-1.lens-selector-mvp2_pregnancy 0 1726597150
gh.preprocessperlens.focusing.calcio.alicia-1.lens-selector-mvp2_HIV 1 1726597151
gh.preprocessperlens.focusing.calcio.Cecilia-1.lens-selector-mvp2_HIV 1 1726597153
gh.preprocessperlens.focusing.calcio.Pedro-1.lens-selector-mvp2_HIV 1 1726597155
gh.preprocessperlens.focusing.calcio.alicia-1.lens-selector-mvp2_allergy 1 1726597157
gh.preprocessperlens.focusing.calcio.Cecilia-1.lens-selector-mvp2_allergy 1 1726597158
gh.preprocessperlens.focusing.calcio.Pedro-1.lens-selector-mvp2_allergy 1 1726597159
gh.preprocessperlens.focusing.calcio.alicia-1.lens-selector-mvp2_diabetes 1 1726597161
gh.preprocessperlens.focusing.calcio.Cecilia-1.lens-selector-mvp2_diabetes 1 1726597162
gh.preprocessperlens.focusing.calcio.Pedro-1.lens-selector-mvp2_diabetes 1 1726597164
gh.preprocessperlens.focusing.calcio.alicia-1.lens-selector-mvp2_interaction 1 1726597165
gh.preprocessperlens.focusing.calcio.Cecilia-1.lens-selector-mvp2_interaction 1 1726597167
gh.preprocessperlens.focusing.calcio.Pedro-1.lens-selector-mvp2_interaction 1 1726597169
gh.preprocessperlens.focusing.calcio.alicia-1.lens-selector-mvp2_intolerance 1 1726597170
gh.preprocessperlens.focusing.calcio.Cecilia-1.lens-selector-mvp2_intolerance 1 1726597171
gh.preprocessperlens.focusing.calcio.Pedro-1.lens-selector-mvp2_intolerance 1 1726597172
gh.preprocessperlens.focusing.calcio.alicia-1.lens-selector-mvp2_pregnancy 1 1726597173
gh.preprocessperlens.focusing.calcio.Cecilia-1.lens-selector-mvp2_pregnancy 1 1726597174
gh.preprocessperlens.focusing.calcio.Pedro-1.lens-selector-mvp2_pregnancy 1 1726597176
gh.preprocessperlens.focusing.tegretol.alicia-1.lens-selector-mvp2_HIV 1 1726597177
gh.preprocessperlens.focusing.tegretol.Cecilia-1.lens-selector-mvp2_HIV 1 1726597180
gh.preprocessperlens.focusing.tegretol.Pedro-1.lens-selector-mvp2_HIV 1 1726597181
gh.preprocessperlens.focusing.tegretol.alicia-1.lens-selector-mvp2_allergy 1 1726597183
gh.preprocessperlens.focusing.tegretol.Cecilia-1.lens-selector-mvp2_allergy 1 1726597184
gh.preprocessperlens.focusing.tegretol.Pedro-1.lens-selector-mvp2_allergy 1 1726597186
gh.preprocessperlens.focusing.biktarvy.alicia-1.lens-selector-mvp2_HIV 0 1726597191
gh.preprocessperlens.focusing.biktarvy.Cecilia-1.lens-selector-mvp2_HIV 0 1726597192
gh.preprocessperlens.focusing.biktarvy.Pedro-1.lens-selector-mvp2_HIV 0 1726597194
gh.preprocessperlens.focusing.biktarvy.alicia-1.lens-selector-mvp2_allergy 0 1726597195
gh.preprocessperlens.focusing.biktarvy.Cecilia-1.lens-selector-mvp2_allergy 0 1726597196
gh.preprocessperlens.focusing.biktarvy.Pedro-1.lens-selector-mvp2_allergy 0 1726597197
gh.preprocessperlens.focusing.biktarvy.alicia-1.lens-selector-mvp2_diabetes 0 1726597198
gh.preprocessperlens.focusing.biktarvy.Cecilia-1.lens-selector-mvp2_diabetes 0 1726597199
gh.preprocessperlens.focusing.biktarvy.Pedro-1.lens-selector-mvp2_diabetes 0 1726597200
gh.preprocessperlens.focusing.biktarvy.alicia-1.lens-selector-mvp2_interaction 0 1726597202
gh.preprocessperlens.focusing.biktarvy.Cecilia-1.lens-selector-mvp2_interaction 0 1726597203
gh.preprocessperlens.focusing.biktarvy.Pedro-1.lens-selector-mvp2_interaction 0 1726597204
gh.preprocessperlens.focusing.biktarvy.alicia-1.lens-selector-mvp2_intolerance 0 1726597206
gh.preprocessperlens.focusing.biktarvy.Cecilia-1.lens-selector-mvp2_intolerance 0 1726597207
gh.preprocessperlens.focusing.biktarvy.Pedro-1.lens-selector-mvp2_intolerance 0 1726597208
gh.preprocessperlens.focusing.biktarvy.alicia-1.lens-selector-mvp2_HIV 0 1726597220
gh.preprocessperlens.focusing.biktarvy.Cecilia-1.lens-selector-mvp2_HIV 0 1726597223
gh.preprocessperlens.focusing.biktarvy.Pedro-1.lens-selector-mvp2_HIV 0 1726597224
gh.preprocessperlens.focusing.biktarvy.alicia-1.lens-selector-mvp2_allergy 0 1726597225
gh.preprocessperlens.focusing.biktarvy.Cecilia-1.lens-selector-mvp2_allergy 0 1726597226
gh.preprocessperlens.focusing.biktarvy.Pedro-1.lens-selector-mvp2_allergy 0 1726597227
gh.preprocessperlens.focusing.biktarvy.alicia-1.lens-selector-mvp2_diabetes 0 1726597228
gh.preprocessperlens.focusing.biktarvy.Cecilia-1.lens-selector-mvp2_diabetes 0 1726597229
gh.preprocessperlens.focusing.biktarvy.Pedro-1.lens-selector-mvp2_diabetes 0 1726597230
gh.preprocessperlens.focusing.biktarvy.alicia-1.lens-selector-mvp2_interaction 0 1726597231
gh.preprocessperlens.focusing.biktarvy.Cecilia-1.lens-selector-mvp2_interaction 0 1726597232
gh.preprocessperlens.focusing.biktarvy.Pedro-1.lens-selector-mvp2_interaction 0 1726597233
gh.preprocessperlens.focusing.biktarvy.alicia-1.lens-selector-mvp2_intolerance 0 1726597234
gh.preprocessperlens.focusing.biktarvy.Cecilia-1.lens-selector-mvp2_intolerance 0 1726597236
gh.preprocessperlens.focusing.biktarvy.Pedro-1.lens-selector-mvp2_intolerance 0 1726597237
gh.preprocessperlens.focusing.biktarvy.alicia-1.lens-selector-mvp2_pregnancy 0 1726597238
gh.preprocessperlens.focusing.biktarvy.Cecilia-1.lens-selector-mvp2_pregnancy 0 1726597239
gh.preprocessperlens.focusing.biktarvy.Pedro-1.lens-selector-mvp2_pregnancy 0 1726597240
gh.preprocessperlens.focusing.calcio.alicia-1.lens-selector-mvp2_HIV 1 1726597241
gh.preprocessperlens.focusing.calcio.Cecilia-1.lens-selector-mvp2_HIV 1 1726597242
gh.preprocessperlens.focusing.calcio.Pedro-1.lens-selector-mvp2_HIV 1 1726597243
gh.preprocessperlens.focusing.calcio.alicia-1.lens-selector-mvp2_allergy 1 1726597245
gh.preprocessperlens.focusing.calcio.Cecilia-1.lens-selector-mvp2_allergy 1 1726597246
gh.preprocessperlens.focusing.calcio.Pedro-1.lens-selector-mvp2_allergy 1 1726597247
gh.preprocessperlens.focusing.calcio.alicia-1.lens-selector-mvp2_diabetes 1 1726597248
gh.preprocessperlens.focusing.calcio.Cecilia-1.lens-selector-mvp2_diabetes 1 1726597249
gh.preprocessperlens.focusing.calcio.Pedro-1.lens-selector-mvp2_diabetes 1 1726597250
gh.preprocessperlens.focusing.calcio.alicia-1.lens-selector-mvp2_interaction 1 1726597252
gh.preprocessperlens.focusing.calcio.Cecilia-1.lens-selector-mvp2_interaction 1 1726597253
gh.preprocessperlens.focusing.calcio.Pedro-1.lens-selector-mvp2_interaction 1 1726597254
gh.preprocessperlens.focusing.calcio.alicia-1.lens-selector-mvp2_intolerance 1 1726597255
gh.preprocessperlens.focusing.calcio.Cecilia-1.lens-selector-mvp2_intolerance 1 1726597257
gh.preprocessperlens.focusing.calcio.Pedro-1.lens-selector-mvp2_intolerance 1 1726597258
gh.preprocessperlens.focusing.calcio.alicia-1.lens-selector-mvp2_pregnancy 1 1726597259
gh.preprocessperlens.focusing.calcio.Cecilia-1.lens-selector-mvp2_pregnancy 1 1726597259
gh.preprocessperlens.focusing.calcio.Pedro-1.lens-selector-mvp2_pregnancy 1 1726597260
gh.preprocessperlens.focusing.tegretol.alicia-1.lens-selector-mvp2_HIV 1 1726597262
gh.preprocessperlens.focusing.tegretol.Cecilia-1.lens-selector-mvp2_HIV 1 1726597264
gh.preprocessperlens.focusing.tegretol.Pedro-1.lens-selector-mvp2_HIV 1 1726597264
gh.preprocessperlens.focusing.tegretol.alicia-1.lens-selector-mvp2_allergy 1 1726597265
gh.preprocessperlens.focusing.tegretol.Cecilia-1.lens-selector-mvp2_allergy 1 1726597267
gh.preprocessperlens.focusing.tegretol.Pedro-1.lens-selector-mvp2_allergy 1 1726597268
gh.preprocessperlens.focusing.tegretol.alicia-1.lens-selector-mvp2_diabetes 1 1726597269
gh.preprocessperlens.focusing.tegretol.Cecilia-1.lens-selector-mvp2_diabetes 1 1726597270
gh.preprocessperlens.focusing.tegretol.Pedro-1.lens-selector-mvp2_diabetes 1 1726597271
gh.preprocessperlens.focusing.tegretol.alicia-1.lens-selector-mvp2_interaction 1 1726597272
gh.preprocessperlens.focusing.tegretol.Cecilia-1.lens-selector-mvp2_interaction 1 1726597274
gh.preprocessperlens.focusing.tegretol.Pedro-1.lens-selector-mvp2_interaction 1 1726597274
gh.preprocessperlens.focusing.tegretol.alicia-1.lens-selector-mvp2_intolerance 1 1726597275
gh.preprocessperlens.focusing.tegretol.Cecilia-1.lens-selector-mvp2_intolerance 1 1726597277
gh.preprocessperlens.focusing.tegretol.Pedro-1.lens-selector-mvp2_intolerance 1 1726597278
gh.preprocessperlens.focusing.tegretol.alicia-1.lens-selector-mvp2_pregnancy 1 1726597279
gh.preprocessperlens.focusing.tegretol.Cecilia-1.lens-selector-mvp2_pregnancy 1 1726597280
gh.preprocessperlens.focusing.tegretol.Pedro-1.lens-selector-mvp2_pregnancy 1 1726597281
gh.preprocessperlens.focusing.xenical.alicia-1.lens-selector-mvp2_HIV 1 1726597282
gh.preprocessperlens.focusing.xenical.Cecilia-1.lens-selector-mvp2_HIV 1 1726597283
gh.preprocessperlens.focusing.xenical.Pedro-1.lens-selector-mvp2_HIV 1 1726597284
gh.preprocessperlens.focusing.xenical.alicia-1.lens-selector-mvp2_allergy 1 1726597285
gh.preprocessperlens.focusing.xenical.Cecilia-1.lens-selector-mvp2_allergy 1 1726597286
gh.preprocessperlens.focusing.xenical.Pedro-1.lens-selector-mvp2_allergy 1 1726597287
gh.preprocessperlens.focusing.xenical.alicia-1.lens-selector-mvp2_diabetes 1 1726597288
gh.preprocessperlens.focusing.xenical.Cecilia-1.lens-selector-mvp2_diabetes 1 1726597288
gh.preprocessperlens.focusing.xenical.Pedro-1.lens-selector-mvp2_diabetes 1 1726597289
gh.preprocessperlens.focusing.xenical.alicia-1.lens-selector-mvp2_interaction 1 1726597290
gh.preprocessperlens.focusing.xenical.Cecilia-1.lens-selector-mvp2_interaction 1 1726597292
gh.preprocessperlens.focusing.xenical.Pedro-1.lens-selector-mvp2_interaction 1 1726597293
gh.preprocessperlens.focusing.xenical.alicia-1.lens-selector-mvp2_intolerance 1 1726597294
gh.preprocessperlens.focusing.xenical.Cecilia-1.lens-selector-mvp2_intolerance 1 1726597294
gh.preprocessperlens.focusing.xenical.Pedro-1.lens-selector-mvp2_intolerance 1 1726597295
gh.preprocessperlens.focusing.xenical.alicia-1.lens-selector-mvp2_pregnancy 1 1726597296
gh.preprocessperlens.focusing.xenical.Cecilia-1.lens-selector-mvp2_pregnancy 1 1726597297
gh.preprocessperlens.focusing.xenical.Pedro-1.lens-selector-mvp2_pregnancy 1 1726597298
gh.preprocessperlens.focusing.hypericum.alicia-1.lens-selector-mvp2_HIV 1 1726597299
gh.preprocessperlens.focusing.hypericum.Cecilia-1.lens-selector-mvp2_HIV 1 1726597300
gh.preprocessperlens.focusing.hypericum.Pedro-1.lens-selector-mvp2_HIV 1 1726597301
gh.preprocessperlens.focusing.hypericum.alicia-1.lens-selector-mvp2_allergy 1 1726597302
gh.preprocessperlens.focusing.hypericum.Cecilia-1.lens-selector-mvp2_allergy 1 1726597303
gh.preprocessperlens.focusing.hypericum.Pedro-1.lens-selector-mvp2_allergy 1 1726597304
gh.preprocessperlens.focusing.hypericum.alicia-1.lens-selector-mvp2_diabetes 1 1726597305
gh.preprocessperlens.focusing.hypericum.Cecilia-1.lens-selector-mvp2_diabetes 1 1726597307
gh.preprocessperlens.focusing.hypericum.Pedro-1.lens-selector-mvp2_diabetes 1 1726597308
gh.preprocessperlens.focusing.hypericum.alicia-1.lens-selector-mvp2_interaction 1 1726597309
gh.preprocessperlens.focusing.hypericum.Cecilia-1.lens-selector-mvp2_interaction 1 1726597310
gh.preprocessperlens.focusing.hypericum.Pedro-1.lens-selector-mvp2_interaction 1 1726597311
gh.preprocessperlens.focusing.hypericum.alicia-1.lens-selector-mvp2_intolerance 1 1726597312
gh.preprocessperlens.focusing.hypericum.Cecilia-1.lens-selector-mvp2_intolerance 1 1726597313
gh.preprocessperlens.focusing.hypericum.Pedro-1.lens-selector-mvp2_intolerance 1 1726597314
gh.preprocessperlens.focusing.hypericum.alicia-1.lens-selector-mvp2_pregnancy 1 1726597315
gh.preprocessperlens.focusing.hypericum.Cecilia-1.lens-selector-mvp2_pregnancy 1 1726597316
gh.preprocessperlens.focusing.hypericum.Pedro-1.lens-selector-mvp2_pregnancy 1 1726597317
gh.preprocessperlens.focusing.flucelvax.alicia-1.lens-selector-mvp2_HIV 1 1726597318
gh.preprocessperlens.focusing.flucelvax.Cecilia-1.lens-selector-mvp2_HIV 1 1726597319
gh.preprocessperlens.focusing.flucelvax.Pedro-1.lens-selector-mvp2_HIV 1 1726597320
gh.preprocessperlens.focusing.flucelvax.alicia-1.lens-selector-mvp2_allergy 1 1726597321
gh.preprocessperlens.focusing.flucelvax.Cecilia-1.lens-selector-mvp2_allergy 1 1726597322
gh.preprocessperlens.focusing.flucelvax.Pedro-1.lens-selector-mvp2_allergy 1 1726597323
gh.preprocessperlens.focusing.flucelvax.alicia-1.lens-selector-mvp2_diabetes 1 1726597324
gh.preprocessperlens.focusing.flucelvax.Cecilia-1.lens-selector-mvp2_diabetes 1 1726597325
gh.preprocessperlens.focusing.flucelvax.Pedro-1.lens-selector-mvp2_diabetes 1 1726597326
gh.preprocessperlens.focusing.flucelvax.alicia-1.lens-selector-mvp2_interaction 1 1726597327
gh.preprocessperlens.focusing.flucelvax.Cecilia-1.lens-selector-mvp2_interaction 1 1726597328
gh.preprocessperlens.focusing.flucelvax.Pedro-1.lens-selector-mvp2_interaction 1 1726597329
gh.preprocessperlens.focusing.flucelvax.alicia-1.lens-selector-mvp2_intolerance 1 1726597330
gh.preprocessperlens.focusing.flucelvax.Cecilia-1.lens-selector-mvp2_intolerance 1 1726597333
gh.preprocessperlens.focusing.flucelvax.Pedro-1.lens-selector-mvp2_intolerance 1 1726597335
gh.preprocessperlens.focusing.flucelvax.alicia-1.lens-selector-mvp2_pregnancy 1 1726597336
gh.preprocessperlens.focusing.flucelvax.Cecilia-1.lens-selector-mvp2_pregnancy 1 1726597338
gh.preprocessperlens.focusing.flucelvax.Pedro-1.lens-selector-mvp2_pregnancy 1 1726597340
gh.preprocessperlens.focusing.dovato.alicia-1.lens-selector-mvp2_HIV 0 1726597341
gh.preprocessperlens.focusing.dovato.Cecilia-1.lens-selector-mvp2_HIV 0 1726597343
gh.preprocessperlens.focusing.dovato.Pedro-1.lens-selector-mvp2_HIV 0 1726597344
gh.preprocessperlens.focusing.biktarvy.alicia-1.lens-selector-mvp2_HIV 0 1727773267
gh.preprocessperlens.focusing.biktarvy.Cecilia-1.lens-selector-mvp2_HIV 0 1727773268
gh.preprocessperlens.focusing.biktarvy.Pedro-1.lens-selector-mvp2_HIV 0 1727773270
gh.preprocessperlens.focusing.biktarvy.alicia-1.lens-selector-mvp2_allergy 0 1727773271
gh.preprocessperlens.focusing.biktarvy.Cecilia-1.lens-selector-mvp2_allergy 0 1727773272
gh.preprocessperlens.focusing.biktarvy.Pedro-1.lens-selector-mvp2_allergy 0 1727773273
gh.preprocessperlens.focusing.biktarvy.alicia-1.lens-selector-mvp2_diabetes 0 1727773274
gh.preprocessperlens.focusing.biktarvy.Cecilia-1.lens-selector-mvp2_diabetes 0 1727773275
gh.preprocessperlens.focusing.biktarvy.Pedro-1.lens-selector-mvp2_diabetes 0 1727773277
gh.preprocessperlens.focusing.biktarvy.alicia-1.lens-selector-mvp2_interaction 0 1727773278
gh.preprocessperlens.focusing.biktarvy.Cecilia-1.lens-selector-mvp2_interaction 0 1727773279
gh.preprocessperlens.focusing.biktarvy.Pedro-1.lens-selector-mvp2_interaction 0 1727773280
gh.preprocessperlens.focusing.biktarvy.alicia-1.lens-selector-mvp2_intolerance 0 1727773281
gh.preprocessperlens.focusing.biktarvy.Cecilia-1.lens-selector-mvp2_intolerance 0 1727773282
gh.preprocessperlens.focusing.biktarvy.Pedro-1.lens-selector-mvp2_intolerance 0 1727773283
gh.preprocessperlens.focusing.biktarvy-es.alicia-1.lens-selector-mvp2_HIV 2 1727776728
gh.preprocessperlens.focusing.biktarvy-es.Cecilia-1.lens-selector-mvp2_HIV 2 1727776729
gh.preprocessperlens.focusing.biktarvy-es.Pedro-1.lens-selector-mvp2_HIV 2 1727776730
gh.preprocessperlens.focusing.biktarvy-es.alicia-1.lens-selector-mvp2_allergy 2 1727776731
gh.preprocessperlens.focusing.biktarvy-es.Cecilia-1.lens-selector-mvp2_allergy 2 1727776732
gh.preprocessperlens.focusing.biktarvy-es.Pedro-1.lens-selector-mvp2_allergy 2 1727776733
gh.preprocessperlens.focusing.biktarvy-es.alicia-1.lens-selector-mvp2_HIV 2 1727776736
gh.preprocessperlens.focusing.biktarvy-es.Cecilia-1.lens-selector-mvp2_HIV 2 1727776737
gh.preprocessperlens.focusing.biktarvy-es.Pedro-1.lens-selector-mvp2_HIV 2 1727776738
gh.preprocessperlens.focusing.biktarvy-es.alicia-1.lens-selector-mvp2_allergy 2 1727776739
gh.preprocessperlens.focusing.biktarvy-es.Cecilia-1.lens-selector-mvp2_allergy 2 1727776740
gh.preprocessperlens.focusing.biktarvy-es.Pedro-1.lens-selector-mvp2_allergy 2 1727776740
gh.preprocessperlens.focusing.biktarvy-es.alicia-1.lens-selector-mvp2_diabetes 2 1727776742
gh.preprocessperlens.focusing.biktarvy-es.Cecilia-1.lens-selector-mvp2_diabetes 2 1727776743
gh.preprocessperlens.focusing.biktarvy-es.Pedro-1.lens-selector-mvp2_diabetes 2 1727776744
gh.preprocessperlens.focusing.biktarvy-es.alicia-1.lens-selector-mvp2_interaction 2 1727776745
gh.preprocessperlens.focusing.biktarvy-es.Cecilia-1.lens-selector-mvp2_interaction 2 1727776745
gh.preprocessperlens.focusing.biktarvy-es.Pedro-1.lens-selector-mvp2_interaction 2 1727776747
gh.preprocessperlens.focusing.biktarvy-es.alicia-1.lens-selector-mvp2_intolerance 2 1727776748
gh.preprocessperlens.focusing.biktarvy-es.Cecilia-1.lens-selector-mvp2_intolerance 2 1727776749
gh.preprocessperlens.focusing.biktarvy-es.Pedro-1.lens-selector-mvp2_intolerance 2 1727776750
gh.preprocessperlens.focusing.biktarvy-es.alicia-1.lens-selector-mvp2_pregnancy 2 1727776750
gh.preprocessperlens.focusing.biktarvy-es.alicia-1.lens-selector-mvp2_HIV 2 1727776796
{'preprocessingWarnings': [{'serviceName': 'preprocessing-service-manual', 'error': 'Preprocessed version of ePI could not be handled by preprocessor.'}], 'lensesWarnings': []}200gh.preprocessperlens.focusing.biktarvy-es.Cecilia-1.lens-selector-mvp2_HIV 2 1727776797
{'preprocessingWarnings': [{'serviceName': 'preprocessing-service-manual', 'error': 'Preprocessed version of ePI could not be handled by preprocessor.'}], 'lensesWarnings': []}200gh.preprocessperlens.focusing.biktarvy-es.Pedro-1.lens-selector-mvp2_HIV 2 1727776799
{'preprocessingWarnings': [{'serviceName': 'preprocessing-service-manual', 'error': 'Preprocessed version of ePI could not be handled by preprocessor.'}], 'lensesWarnings': []}200gh.preprocessperlens.focusing.biktarvy-es.alicia-1.lens-selector-mvp2_allergy 2 1727776800
{'preprocessingWarnings': [{'serviceName': 'preprocessing-service-manual', 'error': 'Preprocessed version of ePI could not be handled by preprocessor.'}], 'lensesWarnings': []}200gh.preprocessperlens.focusing.biktarvy-es.Cecilia-1.lens-selector-mvp2_allergy 2 1727776801
{'preprocessingWarnings': [{'serviceName': 'preprocessing-service-manual', 'error': 'Preprocessed version of ePI could not be handled by preprocessor.'}], 'lensesWarnings': []}200gh.preprocessperlens.focusing.biktarvy-es.Pedro-1.lens-selector-mvp2_allergy 2 1727776802
{'preprocessingWarnings': [{'serviceName': 'preprocessing-service-manual', 'error': 'Preprocessed version of ePI could not be handled by preprocessor.'}], 'lensesWarnings': []}200gh.preprocessperlens.focusing.biktarvy-es.alicia-1.lens-selector-mvp2_diabetes 2 1727776803
{'preprocessingWarnings': [{'serviceName': 'preprocessing-service-manual', 'error': 'Preprocessed version of ePI could not be handled by preprocessor.'}], 'lensesWarnings': []}200gh.preprocessperlens.focusing.biktarvy-es.Cecilia-1.lens-selector-mvp2_diabetes 2 1727776804
{'preprocessingWarnings': [{'serviceName': 'preprocessing-service-manual', 'error': 'Preprocessed version of ePI could not be handled by preprocessor.'}], 'lensesWarnings': []}200gh.preprocessperlens.focusing.biktarvy-es.Pedro-1.lens-selector-mvp2_diabetes 2 1727776805
{'preprocessingWarnings': [{'serviceName': 'preprocessing-service-manual', 'error': 'Preprocessed version of ePI could not be handled by preprocessor.'}], 'lensesWarnings': []}200gh.preprocessperlens.focusing.biktarvy-es.alicia-1.lens-selector-mvp2_interaction 2 1727776806
{'preprocessingWarnings': [{'serviceName': 'preprocessing-service-manual', 'error': 'Preprocessed version of ePI could not be handled by preprocessor.'}], 'lensesWarnings': []}200gh.preprocessperlens.focusing.biktarvy-es.Cecilia-1.lens-selector-mvp2_interaction 2 1727776807
{'preprocessingWarnings': [{'serviceName': 'preprocessing-service-manual', 'error': 'Preprocessed version of ePI could not be handled by preprocessor.'}], 'lensesWarnings': []}200gh.preprocessperlens.focusing.biktarvy-es.Pedro-1.lens-selector-mvp2_interaction 2 1727776808
{'preprocessingWarnings': [{'serviceName': 'preprocessing-service-manual', 'error': 'Preprocessed version of ePI could not be handled by preprocessor.'}], 'lensesWarnings': []}200gh.preprocessperlens.focusing.biktarvy-es.alicia-1.lens-selector-mvp2_intolerance 2 1727776809
{'preprocessingWarnings': [{'serviceName': 'preprocessing-service-manual', 'error': 'Preprocessed version of ePI could not be handled by preprocessor.'}], 'lensesWarnings': []}200gh.preprocessperlens.focusing.biktarvy-es.Cecilia-1.lens-selector-mvp2_intolerance 2 1727776810
{'preprocessingWarnings': [{'serviceName': 'preprocessing-service-manual', 'error': 'Preprocessed version of ePI could not be handled by preprocessor.'}], 'lensesWarnings': []}200gh.preprocessperlens.focusing.biktarvy-es.Pedro-1.lens-selector-mvp2_intolerance 2 1727776811
{'preprocessingWarnings': [{'serviceName': 'preprocessing-service-manual', 'error': 'Preprocessed version of ePI could not be handled by preprocessor.'}], 'lensesWarnings': []}200gh.preprocessperlens.focusing.biktarvy-es.alicia-1.lens-selector-mvp2_pregnancy 2 1727776812
{'preprocessingWarnings': [{'serviceName': 'preprocessing-service-manual', 'error': 'Preprocessed version of ePI could not be handled by preprocessor.'}], 'lensesWarnings': []}200gh.preprocessperlens.focusing.biktarvy-es.Cecilia-1.lens-selector-mvp2_pregnancy 2 1727776813
{'preprocessingWarnings': [{'serviceName': 'preprocessing-service-manual', 'error': 'Preprocessed version of ePI could not be handled by preprocessor.'}], 'lensesWarnings': []}200gh.preprocessperlens.focusing.biktarvy-es.Pedro-1.lens-selector-mvp2_pregnancy 2 1727776814
{'preprocessingWarnings': [{'serviceName': 'preprocessing-service-manual', 'error': 'Preprocessed version of ePI could not be handled by preprocessor.'}], 'lensesWarnings': []}200gh.preprocessperlens.focusing.biktarvy-en.alicia-1.lens-selector-mvp2_HIV 0 1727776815
{}200gh.preprocessperlens.focusing.biktarvy-en.Cecilia-1.lens-selector-mvp2_HIV 0 1727776816
{}200gh.preprocessperlens.focusing.biktarvy-en.Pedro-1.lens-selector-mvp2_HIV 0 1727776817
{}200gh.preprocessperlens.focusing.biktarvy-en.alicia-1.lens-selector-mvp2_allergy 0 1727776818
{}200gh.preprocessperlens.focusing.biktarvy-en.Cecilia-1.lens-selector-mvp2_allergy 0 1727776819
{}200gh.preprocessperlens.focusing.biktarvy-en.Pedro-1.lens-selector-mvp2_allergy 0 1727776820
{}200gh.preprocessperlens.focusing.biktarvy-en.alicia-1.lens-selector-mvp2_diabetes 0 1727776820
{}200gh.preprocessperlens.focusing.biktarvy-en.Cecilia-1.lens-selector-mvp2_diabetes 0 1727776822
{}200gh.preprocessperlens.focusing.biktarvy-en.Pedro-1.lens-selector-mvp2_diabetes 0 1727776823
{}200gh.preprocessperlens.focusing.biktarvy-en.alicia-1.lens-selector-mvp2_interaction 0 1727776823
{}200gh.preprocessperlens.focusing.biktarvy-en.Cecilia-1.lens-selector-mvp2_interaction 0 1727776824
{}200gh.preprocessperlens.focusing.biktarvy-en.Pedro-1.lens-selector-mvp2_interaction 0 1727776825
{}200gh.preprocessperlens.focusing.biktarvy-en.alicia-1.lens-selector-mvp2_intolerance 0 1727776826
{}200gh.preprocessperlens.focusing.biktarvy-en.Cecilia-1.lens-selector-mvp2_intolerance 0 1727776827
{}200gh.preprocessperlens.focusing.biktarvy-en.Pedro-1.lens-selector-mvp2_intolerance 0 1727776828
{}200gh.preprocessperlens.focusing.biktarvy-en.alicia-1.lens-selector-mvp2_pregnancy 0 1727776829
{}200gh.preprocessperlens.focusing.biktarvy-en.Cecilia-1.lens-selector-mvp2_pregnancy 0 1727776830
{}200gh.preprocessperlens.focusing.biktarvy-en.Pedro-1.lens-selector-mvp2_pregnancy 0 1727776830
{}200gh.preprocessperlens.focusing.calcio-es.alicia-1.lens-selector-mvp2_HIV 0 1727776832
{}200gh.preprocessperlens.focusing.calcio-es.Cecilia-1.lens-selector-mvp2_HIV 0 1727776833
{}200gh.preprocessperlens.focusing.calcio-es.Pedro-1.lens-selector-mvp2_HIV 0 1727776833
{}200gh.preprocessperlens.focusing.calcio-es.alicia-1.lens-selector-mvp2_allergy 0 1727776834
{}200gh.preprocessperlens.focusing.calcio-es.Cecilia-1.lens-selector-mvp2_allergy 0 1727776835
{}200gh.preprocessperlens.focusing.calcio-es.Pedro-1.lens-selector-mvp2_allergy 0 1727776836
{}200gh.preprocessperlens.focusing.calcio-es.alicia-1.lens-selector-mvp2_diabetes 0 1727776837
{}200gh.preprocessperlens.focusing.calcio-es.Cecilia-1.lens-selector-mvp2_diabetes 0 1727776838
{}200gh.preprocessperlens.focusing.biktarvy-es.alicia-1.lens-selector-mvp2_HIV 2 1727776840
{'preprocessingWarnings': [{'serviceName': 'preprocessing-service-manual', 'error': 'Preprocessed version of ePI could not be handled by preprocessor.'}], 'lensesWarnings': []}200
gh.preprocessperlens.focusing.biktarvy-es.Cecilia-1.lens-selector-mvp2_HIV 2 1727776841
{'preprocessingWarnings': [{'serviceName': 'preprocessing-service-manual', 'error': 'Preprocessed version of ePI could not be handled by preprocessor.'}], 'lensesWarnings': []}200
gh.preprocessperlens.focusing.biktarvy-es.Pedro-1.lens-selector-mvp2_HIV 2 1727776842
{'preprocessingWarnings': [{'serviceName': 'preprocessing-service-manual', 'error': 'Preprocessed version of ePI could not be handled by preprocessor.'}], 'lensesWarnings': []}200
gh.preprocessperlens.focusing.biktarvy-es.alicia-1.lens-selector-mvp2_allergy 2 1727776843
{'preprocessingWarnings': [{'serviceName': 'preprocessing-service-manual', 'error': 'Preprocessed version of ePI could not be handled by preprocessor.'}], 'lensesWarnings': []}200
gh.preprocessperlens.focusing.biktarvy-es.Cecilia-1.lens-selector-mvp2_allergy 2 1727776844
{'preprocessingWarnings': [{'serviceName': 'preprocessing-service-manual', 'error': 'Preprocessed version of ePI could not be handled by preprocessor.'}], 'lensesWarnings': []}200
gh.preprocessperlens.focusing.biktarvy-es.Pedro-1.lens-selector-mvp2_allergy 2 1727776845
{'preprocessingWarnings': [{'serviceName': 'preprocessing-service-manual', 'error': 'Preprocessed version of ePI could not be handled by preprocessor.'}], 'lensesWarnings': []}200
gh.preprocessperlens.focusing.biktarvy-es.alicia-1.lens-selector-mvp2_diabetes 2 1727776846
{'preprocessingWarnings': [{'serviceName': 'preprocessing-service-manual', 'error': 'Preprocessed version of ePI could not be handled by preprocessor.'}], 'lensesWarnings': []}200
gh.preprocessperlens.focusing.biktarvy-es.Cecilia-1.lens-selector-mvp2_diabetes 2 1727776847
{'preprocessingWarnings': [{'serviceName': 'preprocessing-service-manual', 'error': 'Preprocessed version of ePI could not be handled by preprocessor.'}], 'lensesWarnings': []}200
gh.preprocessperlens.focusing.biktarvy-es.Pedro-1.lens-selector-mvp2_diabetes 2 1727776848
{'preprocessingWarnings': [{'serviceName': 'preprocessing-service-manual', 'error': 'Preprocessed version of ePI could not be handled by preprocessor.'}], 'lensesWarnings': []}200
gh.preprocessperlens.focusing.biktarvy-es.alicia-1.lens-selector-mvp2_interaction 2 1727776849
{'preprocessingWarnings': [{'serviceName': 'preprocessing-service-manual', 'error': 'Preprocessed version of ePI could not be handled by preprocessor.'}], 'lensesWarnings': []}200
gh.preprocessperlens.focusing.biktarvy-es.Cecilia-1.lens-selector-mvp2_interaction 2 1727776850
{'preprocessingWarnings': [{'serviceName': 'preprocessing-service-manual', 'error': 'Preprocessed version of ePI could not be handled by preprocessor.'}], 'lensesWarnings': []}200
gh.preprocessperlens.focusing.biktarvy-es.Pedro-1.lens-selector-mvp2_interaction 2 1727776851
{'preprocessingWarnings': [{'serviceName': 'preprocessing-service-manual', 'error': 'Preprocessed version of ePI could not be handled by preprocessor.'}], 'lensesWarnings': []}200
gh.preprocessperlens.focusing.biktarvy-es.alicia-1.lens-selector-mvp2_intolerance 2 1727776852
{'preprocessingWarnings': [{'serviceName': 'preprocessing-service-manual', 'error': 'Preprocessed version of ePI could not be handled by preprocessor.'}], 'lensesWarnings': []}200
gh.preprocessperlens.focusing.biktarvy-es.Cecilia-1.lens-selector-mvp2_intolerance 2 1727776853
{'preprocessingWarnings': [{'serviceName': 'preprocessing-service-manual', 'error': 'Preprocessed version of ePI could not be handled by preprocessor.'}], 'lensesWarnings': []}200
gh.preprocessperlens.focusing.biktarvy-es.Pedro-1.lens-selector-mvp2_intolerance 2 1727776854
{'preprocessingWarnings': [{'serviceName': 'preprocessing-service-manual', 'error': 'Preprocessed version of ePI could not be handled by preprocessor.'}], 'lensesWarnings': []}200
gh.preprocessperlens.focusing.biktarvy-es.alicia-1.lens-selector-mvp2_pregnancy 2 1727776855
{'preprocessingWarnings': [{'serviceName': 'preprocessing-service-manual', 'error': 'Preprocessed version of ePI could not be handled by preprocessor.'}], 'lensesWarnings': []}200
gh.preprocessperlens.focusing.biktarvy-es.Cecilia-1.lens-selector-mvp2_pregnancy 2 1727776856
{'preprocessingWarnings': [{'serviceName': 'preprocessing-service-manual', 'error': 'Preprocessed version of ePI could not be handled by preprocessor.'}], 'lensesWarnings': []}200
gh.preprocessperlens.focusing.biktarvy-es.Pedro-1.lens-selector-mvp2_pregnancy 2 1727776857
{'preprocessingWarnings': [{'serviceName': 'preprocessing-service-manual', 'error': 'Preprocessed version of ePI could not be handled by preprocessor.'}], 'lensesWarnings': []}200
gh.preprocessperlens.focusing.biktarvy-en.alicia-1.lens-selector-mvp2_HIV 0 1727776858
{}200
gh.preprocessperlens.focusing.biktarvy-en.Cecilia-1.lens-selector-mvp2_HIV 0 1727776859
{}200
gh.preprocessperlens.focusing.biktarvy-en.Pedro-1.lens-selector-mvp2_HIV 0 1727776860
{}200
gh.preprocessperlens.focusing.biktarvy-en.alicia-1.lens-selector-mvp2_allergy 0 1727776861
{}200
gh.preprocessperlens.focusing.biktarvy-en.Cecilia-1.lens-selector-mvp2_allergy 0 1727776862
{}200
gh.preprocessperlens.focusing.biktarvy-en.Pedro-1.lens-selector-mvp2_allergy 0 1727776863
{}200
gh.preprocessperlens.focusing.biktarvy-en.alicia-1.lens-selector-mvp2_diabetes 0 1727776864
{}200
gh.preprocessperlens.focusing.biktarvy-en.Cecilia-1.lens-selector-mvp2_diabetes 0 1727776865
{}200
gh.preprocessperlens.focusing.biktarvy-en.Pedro-1.lens-selector-mvp2_diabetes 0 1727776866
{}200
gh.preprocessperlens.focusing.biktarvy-en.alicia-1.lens-selector-mvp2_interaction 0 1727776867
{}200
gh.preprocessperlens.focusing.biktarvy-en.Cecilia-1.lens-selector-mvp2_interaction 0 1727776868
{}200
gh.preprocessperlens.focusing.biktarvy-en.Pedro-1.lens-selector-mvp2_interaction 0 1727776869
{}200
gh.preprocessperlens.focusing.biktarvy-en.alicia-1.lens-selector-mvp2_intolerance 0 1727776870
{}200
gh.preprocessperlens.focusing.biktarvy-en.Cecilia-1.lens-selector-mvp2_intolerance 0 1727776871
{}200
gh.preprocessperlens.focusing.biktarvy-en.Pedro-1.lens-selector-mvp2_intolerance 0 1727776872
{}200
gh.preprocessperlens.focusing.biktarvy-en.alicia-1.lens-selector-mvp2_pregnancy 0 1727776873
{}200
gh.preprocessperlens.focusing.biktarvy-en.Cecilia-1.lens-selector-mvp2_pregnancy 0 1727776874
{}200
gh.preprocessperlens.focusing.biktarvy-en.Pedro-1.lens-selector-mvp2_pregnancy 0 1727776875
{}200
gh.preprocessperlens.focusing.calcio-es.alicia-1.lens-selector-mvp2_HIV 0 1727776876
{}200
gh.preprocessperlens.focusing.calcio-es.Cecilia-1.lens-selector-mvp2_HIV 0 1727776877
{}200
gh.preprocessperlens.focusing.calcio-es.Pedro-1.lens-selector-mvp2_HIV 0 1727776878
{}200
gh.preprocessperlens.focusing.calcio-es.alicia-1.lens-selector-mvp2_allergy 0 1727776879
{}200
gh.preprocessperlens.focusing.calcio-es.Cecilia-1.lens-selector-mvp2_allergy 0 1727776880
{}200
gh.preprocessperlens.focusing.calcio-es.Pedro-1.lens-selector-mvp2_allergy 0 1727776881
{}200
gh.preprocessperlens.focusing.calcio-es.alicia-1.lens-selector-mvp2_diabetes 0 1727776882
{}200
gh.preprocessperlens.focusing.calcio-es.Cecilia-1.lens-selector-mvp2_diabetes 0 1727776883
{}200
gh.preprocessperlens.focusing.calcio-es.Pedro-1.lens-selector-mvp2_diabetes 0 1727776884
{}200
gh.preprocessperlens.focusing.calcio-es.alicia-1.lens-selector-mvp2_interaction 0 1727776885
{}200
gh.preprocessperlens.focusing.calcio-es.Cecilia-1.lens-selector-mvp2_interaction 0 1727776886
{}200
gh.preprocessperlens.focusing.calcio-es.Pedro-1.lens-selector-mvp2_interaction 0 1727776887
{}200
gh.preprocessperlens.focusing.calcio-es.alicia-1.lens-selector-mvp2_intolerance 0 1727776888
{}200
gh.preprocessperlens.focusing.calcio-es.Cecilia-1.lens-selector-mvp2_intolerance 0 1727776889
{}200
gh.preprocessperlens.focusing.calcio-es.Pedro-1.lens-selector-mvp2_intolerance 0 1727776890
{}200
gh.preprocessperlens.focusing.calcio-es.alicia-1.lens-selector-mvp2_pregnancy 0 1727776891
{}200
